This is pdfTeX, Version 3.141592653-2.6-1.40.25 (MiKTeX 23.10.12) (preloaded format=pdflatex 2023.12.21)  20 AUG 2024 16:36
entering extended mode
 restricted \write18 enabled.
 %&-line parsing enabled.
**./book.tex
(book.tex
LaTeX2e <2023-11-01>
L3 programming layer <2023-12-11>
(C:\Users\Chris\AppData\Local\Programs\MiKTeX\tex/latex/memoir\memoir.cls
Document Class: memoir 2024/01/26 v3.8.2 configurable book, report, article doc
ument class
(C:\Users\Chris\AppData\Local\Programs\MiKTeX\tex/latex/xpatch\xpatch.sty
(C:\Users\Chris\AppData\Local\Programs\MiKTeX\tex/latex/l3kernel\expl3.sty
Package: expl3 2023-12-11 L3 programming layer (loader) 

(C:\Users\Chris\AppData\Local\Programs\MiKTeX\tex/latex/l3backend\l3backend-pdf
tex.def
File: l3backend-pdftex.def 2023-11-09 L3 backend support: PDF output (pdfTeX)
\l__color_backend_stack_int=\count187
\l__pdf_internal_box=\box51
))
Package: xpatch 2020/03/25 v0.3a Extending etoolbox patching commands

(C:\Users\Chris\AppData\Local\Programs\MiKTeX\tex/latex/l3packages/xparse\xpars
e.sty
Package: xparse 2023-10-10 L3 Experimental document command parser
)
(C:\Users\Chris\AppData\Local\Programs\MiKTeX\tex/latex/etoolbox\etoolbox.sty
Package: etoolbox 2020/10/05 v2.5k e-TeX tools for LaTeX (JAW)
\etb@tempcnta=\count188
))
\onelineskip=\skip48
\lxvchars=\skip49
\xlvchars=\skip50
\@memcnta=\count189
\c@@memmarkcntra=\count190
(C:\Users\Chris\AppData\Local\Programs\MiKTeX\tex/generic/iftex\iftex.sty
Package: iftex 2022/02/03 v1.0f TeX engine tests
)
\trimtop=\skip51
\trimedge=\skip52

(C:\Users\Chris\AppData\Local\Programs\MiKTeX\tex/latex/memoir\mem10.clo
File: mem10.clo 2022/07/29 v0.5 memoir class 10pt size option
)
\binding=\skip53
\spinemargin=\skip54
\foremargin=\skip55
\uppermargin=\skip56
\lowermargin=\skip57
\headdrop=\skip58
\normalrulethickness=\skip59
\mem@maxheadheight=\skip60
\mem@maxfootheight=\skip61
\headwidth=\skip62
\c@storedpagenumber=\count191
\memPD=\dimen140
\m@mabparskip=\skip63
\thanksmarkwidth=\skip64
\thanksmarksep=\skip65
\droptitle=\skip66
\c@book=\count192
\c@part=\count193
\c@chapter=\count194
\c@section=\count195
\c@subsection=\count196
\c@subsubsection=\count197
\c@paragraph=\count198
\c@subparagraph=\count199
\beforechapskip=\skip67
\midchapskip=\skip68
\afterchapskip=\skip69
\chapindent=\skip70
\bottomsectionskip=\skip71
\secindent=\skip72
\beforesecskip=\skip73
\aftersecskip=\skip74
\subsecindent=\skip75
\beforesubsecskip=\skip76
\aftersubsecskip=\skip77
\subsubsecindent=\skip78
\beforesubsubsecskip=\skip79
\aftersubsubsecskip=\skip80
\paraindent=\skip81
\beforeparaskip=\skip82
\afterparaskip=\skip83
\subparaindent=\skip84
\beforesubparaskip=\skip85
\aftersubparaskip=\skip86
\pfbreakskip=\skip87
\c@@ppsavesec=\count266
\c@@ppsaveapp=\count267
\ragrparindent=\dimen141
\everylistparindent=\dimen142
\parsepi=\skip88
\topsepi=\skip89
\itemsepi=\skip90
\parsepii=\skip91
\topsepii=\skip92
\topsepiii=\skip93
\itemsepii=\skip94
\itemsepiii=\skip95
\partopsepii=\skip96
\partopsepiii=\skip97
\m@msavetopsep=\skip98
\m@msavepartopsep=\skip99
\@enLab=\toks17
\abstitleskip=\skip100
\absleftindent=\skip101
\abs@leftindent=\dimen143
\absrightindent=\skip102
\absparindent=\skip103
\absparsep=\skip104
\c@vslineno=\count268
\c@poemline=\count269
\c@modulo@vs=\count270
\c@memfvsline=\count271
\vleftskip=\skip105
\vrightskip=\skip106
\stanzaskip=\skip107
\versewidth=\skip108
\vgap=\skip109
\vindent=\skip110
\vleftmargin=\dimen144
\c@verse=\count272
\c@chrsinstr=\count273
\beforepoemtitleskip=\skip111
\afterpoemtitleskip=\skip112
\c@poem=\count274
\beforePoemTitleskip=\skip113
\midPoemTitleskip=\skip114
\afterPoemTitleskip=\skip115

(C:\Users\Chris\AppData\Local\Programs\MiKTeX\tex/latex/tools\array.sty
Package: array 2023/10/16 v2.5g Tabular extension package (FMi)
\col@sep=\dimen145
\ar@mcellbox=\box52
\extrarowheight=\dimen146
\NC@list=\toks18
\extratabsurround=\skip116
\backup@length=\skip117
\ar@cellbox=\box53
)
(C:\Users\Chris\AppData\Local\Programs\MiKTeX\tex/latex/tools\dcolumn.sty
Package: dcolumn 2023/07/08 v1.06 decimal alignment package (DPC)
)
(C:\Users\Chris\AppData\Local\Programs\MiKTeX\tex/latex/tools\delarray.sty
Package: delarray 2014/10/28 v1.01 array delimiter package (DPC)
)
(C:\Users\Chris\AppData\Local\Programs\MiKTeX\tex/latex/tools\tabularx.sty
Package: tabularx 2023/07/08 v2.11c `tabularx' package (DPC)
\TX@col@width=\dimen147
\TX@old@table=\dimen148
\TX@old@col=\dimen149
\TX@target=\dimen150
\TX@delta=\dimen151
\TX@cols=\count275
\TX@ftn=\toks19
)
(C:\Users\Chris\AppData\Local\Programs\MiKTeX\tex/latex/booktabs\booktabs.sty
Package: booktabs 2020/01/12 v1.61803398 Publication quality tables
\heavyrulewidth=\dimen152
\lightrulewidth=\dimen153
\cmidrulewidth=\dimen154
\belowrulesep=\dimen155
\belowbottomsep=\dimen156
\aboverulesep=\dimen157
\abovetopsep=\dimen158
\cmidrulesep=\dimen159
\cmidrulekern=\dimen160
\defaultaddspace=\dimen161
\@cmidla=\count276
\@cmidlb=\count277
\@aboverulesep=\dimen162
\@belowrulesep=\dimen163
\@thisruleclass=\count278
\@lastruleclass=\count279
\@thisrulewidth=\dimen164
)
\ctableftskip=\skip118
\ctabrightskip=\skip119
\abovecolumnspenalty=\count280
\@linestogo=\count281
\@cellstogo=\count282
\@cellsincolumn=\count283
\crtok=\toks20
\@mincolumnwidth=\dimen165
\c@newflo@tctr=\count284
\mem@margin@floatbox=\box54
\@contcwidth=\skip120
\@contindw=\skip121
\abovecaptionskip=\skip122
\belowcaptionskip=\skip123
\subfloattopskip=\skip124
\subfloatcapskip=\skip125
\subfloatcaptopadj=\skip126
\subfloatbottomskip=\skip127
\subfloatlabelskip=\skip128
\subfloatcapmargin=\dimen166
\c@@contsubnum=\count285
\m@mscap@capbox=\box55
\m@mscap@fbox=\box56
\sidecapsep=\dimen167
\sidecapwidth=\dimen168
\m@m@tempdima=\dimen169
\m@mscapraise=\dimen170
\sidecapraise=\dimen171
\m@mscapmainwidth=\dimen172
\m@mscaplkern=\dimen173
\beforeepigraphskip=\skip129
\afterepigraphskip=\skip130
\epigraphwidth=\skip131
\epigraphrule=\skip132
LaTeX Info: Redefining \em on input line 6932.
LaTeX Info: Redefining \emph on input line 6940.

(C:\Users\Chris\AppData\Local\Programs\MiKTeX\tex/latex/hyperref\nameref.sty
Package: nameref 2023-11-26 v2.56 Cross-referencing by name of section

(C:\Users\Chris\AppData\Local\Programs\MiKTeX\tex/latex/refcount\refcount.sty
Package: refcount 2019/12/15 v3.6 Data extraction from label references (HO)

(C:\Users\Chris\AppData\Local\Programs\MiKTeX\tex/generic/ltxcmds\ltxcmds.sty
Package: ltxcmds 2023-12-04 v1.26 LaTeX kernel commands for general use (HO)
)
(C:\Users\Chris\AppData\Local\Programs\MiKTeX\tex/generic/infwarerr\infwarerr.s
ty
Package: infwarerr 2019/12/03 v1.5 Providing info/warning/error messages (HO)
))
(C:\Users\Chris\AppData\Local\Programs\MiKTeX\tex/generic/gettitlestring\gettit
lestring.sty
Package: gettitlestring 2019/12/15 v1.6 Cleanup title references (HO)

(C:\Users\Chris\AppData\Local\Programs\MiKTeX\tex/latex/kvoptions\kvoptions.sty
Package: kvoptions 2022-06-15 v3.15 Key value format for package options (HO)
(C:\Users\Chris\AppData\Local\Programs\MiKTeX\tex/latex/graphics\keyval.sty
Package: keyval 2022/05/29 v1.15 key=value parser (DPC)
\KV@toks@=\toks21
)
(C:\Users\Chris\AppData\Local\Programs\MiKTeX\tex/latex/kvsetkeys\kvsetkeys.sty
Package: kvsetkeys 2022-10-05 v1.19 Key value parser (HO)
)))
\c@section@level=\count286
)
\tocentryskip=\skip133
\tocbaseline=\skip134
\cftparskip=\skip135
\cftbeforebookskip=\skip136
\cftbookindent=\dimen174
\cftbooknumwidth=\dimen175
\cftbeforepartskip=\skip137
\cftpartindent=\skip138
\cftpartnumwidth=\skip139
\cftbeforechapterskip=\skip140
\cftchapterindent=\skip141
\cftchapternumwidth=\skip142
\cftbeforesectionskip=\skip143
\cftsectionindent=\skip144
\cftsectionnumwidth=\skip145
\cftbeforesubsectionskip=\skip146
\cftsubsectionindent=\skip147
\cftsubsectionnumwidth=\skip148
\cftbeforesubsubsectionskip=\skip149
\cftsubsubsectionindent=\skip150
\cftsubsubsectionnumwidth=\skip151
\cftbeforeparagraphskip=\skip152
\cftparagraphindent=\skip153
\cftparagraphnumwidth=\skip154
\cftbeforesubparagraphskip=\skip155
\cftsubparagraphindent=\skip156
\cftsubparagraphnumwidth=\skip157
\prechapterprecisshift=\dimen176
\c@maxsecnumdepth=\count287
\bibindent=\dimen177
\bibitemsep=\skip158
\indexcolsep=\skip159
\indexrule=\skip160
\indexmarkstyle=\toks22
\@indexbox=\insert252
LaTeX Info: Redefining \raggedbottom on input line 7935.
LaTeX Info: Redefining \flushbottom on input line 7939.
\glossarycolsep=\dimen178
\glossaryrule=\dimen179
\sideparvshift=\skip161
\sideins=\insert251
\sidebartopsep=\skip162
\sidebarhsep=\skip163
\sidebarvsep=\skip164
\sidebarwidth=\skip165
\footmarkwidth=\skip166
\footmarksep=\skip167
\footparindent=\skip168
\footinsdim=\skip169
\footinsv@r=\insert250
\@mpfootinsv@r=\insert249
\m@m@k=\count288
\m@m@h=\dimen180
\m@mipn@skip=\skip170
\sidefootins=\insert248
\sidefootadjust=\skip171
\sidefootheight=\skip172
\sidefoothsep=\skip173
\sidefootvsep=\skip174
\sidefootwidth=\skip175
\m@mdownsf=\skip176
\c@sidefootnote=\count289
\sidefootmarkwidth=\skip177
\sidefootmarksep=\skip178
\sidefootparindent=\skip179
\c@pagenote=\count290
\c@pagenoteshadow=\count291
\mem@pn@lastkern=\skip180
 (C:\Users\Chris\AppData\Local\Programs\MiKTeX\tex/latex/tools\verbatim.sty
Package: verbatim 2023-11-06 v1.5v LaTeX2e package for verbatim enhancements
\every@verbatim=\toks23
\verbatim@line=\toks24
\verbatim@in@stream=\read2
)
\verbatimindent=\skip181
\verbatim@out=\write3
 (C:\Users\Chris\AppData\Local\Programs\MiKTeX\tex/latex/base\shortvrb.sty
Package: shortvrb 2022/11/13 v3.0m Standard LaTeX documentation package V3 (FMi
)
)
\bvboxsep=\skip182
\c@memfbvline=\count292
\c@bvlinectr=\count293
\bvnumlength=\skip183
\fb@frw=\dimen181
\fb@frh=\dimen182
\FrameRule=\dimen183
\FrameSep=\dimen184
\c@cp@cntr=\count294
\c@ism@mctr=\count295
\c@xsm@mctr=\count296
\c@csm@mctr=\count297
\c@ksm@mctr=\count298
\c@xksm@mctr=\count299
\c@cksm@mctr=\count300
\c@msm@mctr=\count301
\c@xmsm@mctr=\count302
\c@cmsm@mctr=\count303
\c@bsm@mctr=\count304
\c@workm@mctr=\count305
\c@sheetsequence=\count306
\c@lastsheet=\count307
\c@lastpage=\count308

(C:\Users\Chris\AppData\Local\Programs\MiKTeX\tex/latex/textcase\textcase.sty
Package: textcase 2023/07/27 v1.04 Text only upper/lower case changing (DPC)
Package textcase Info: Defining Legacy names on input line 20.
)
\c@figure=\count309
\c@lofdepth=\count310
\cftbeforefigureskip=\skip184
\cftfigureindent=\skip185
\cftfigurenumwidth=\skip186
\c@table=\count311
\c@lotdepth=\count312
\cftbeforetableskip=\skip187
\cfttableindent=\skip188
\cfttablenumwidth=\skip189
Package abstract [2008/07/23] emulated by memoir.
Package appendix [2008/07/23] emulated by memoir.
Package ccaption [2008/07/23] emulated by memoir.
Package changepage [2008/07/23] emulated by memoir.
Package chngcntr [2008/07/23] emulated by memoir.
Package chngpage [2008/07/23] emulated by memoir.
Package crop emulated by memoir.
Package enumerate [2008/07/23] emulated by memoir.
Package epigraph [2008/07/23] emulated by memoir.
Package ifmtarg [2008/07/23] emulated by memoir.
Package index [2008/07/23] emulated by memoir.
Package makeidx [2008/07/23] emulated by memoir.
Package moreverb [2008/07/23] emulated by memoir.
Package needspace [2008/07/23] emulated by memoir.
Package newfile [2008/07/23] emulated by memoir.
Package nextpage [2008/07/23] emulated by memoir.
Package pagenote [2008/07/23] emulated by memoir.
Package parskip [2008/07/23] emulated by memoir.
Package patchcmd [2008/07/23] emulated by memoir.
Package setspace [2008/07/23] emulated by memoir.
Package shortvrb [2008/07/23] emulated by memoir.
Package showidx [2008/07/23] emulated by memoir.
Package titleref [2008/07/23] emulated by memoir.
Package titling [2008/07/23] emulated by memoir.
Package tocbibind [2008/07/23] emulated by memoir.
Package tocloft [2008/07/23] emulated by memoir.
Package tocvsec2 [2008/07/23] emulated by memoir.
Package verbatim [2008/07/23] emulated by memoir.
Package verse [2008/07/23] emulated by memoir.
)

LaTeX Warning: \include should only be used after \begin{document} on input lin
e 14.

(preamble.tex
(C:\Users\Chris\AppData\Local\Programs\MiKTeX\tex/latex/graphics\graphicx.sty
Package: graphicx 2021/09/16 v1.2d Enhanced LaTeX Graphics (DPC,SPQR)

(C:\Users\Chris\AppData\Local\Programs\MiKTeX\tex/latex/graphics\graphics.sty
Package: graphics 2022/03/10 v1.4e Standard LaTeX Graphics (DPC,SPQR)

(C:\Users\Chris\AppData\Local\Programs\MiKTeX\tex/latex/graphics\trig.sty
Package: trig 2021/08/11 v1.11 sin cos tan (DPC)
)
(C:\Users\Chris\AppData\Local\Programs\MiKTeX\tex/latex/graphics-cfg\graphics.c
fg
File: graphics.cfg 2016/06/04 v1.11 sample graphics configuration
)
Package graphics Info: Driver file: pdftex.def on input line 107.

(C:\Users\Chris\AppData\Local\Programs\MiKTeX\tex/latex/graphics-def\pdftex.def
File: pdftex.def 2022/09/22 v1.2b Graphics/color driver for pdftex
))
\Gin@req@height=\dimen185
\Gin@req@width=\dimen186
)
(C:\Users\Chris\AppData\Local\Programs\MiKTeX\tex/latex/imakeidx\imakeidx.sty
Package: imakeidx 2016/10/15 v1.3e Package for typesetting indices in a synchro
nous mode

(C:\Users\Chris\AppData\Local\Programs\MiKTeX\tex/latex/xkeyval\xkeyval.sty
Package: xkeyval 2022/06/16 v2.9 package option processing (HA)

(C:\Users\Chris\AppData\Local\Programs\MiKTeX\tex/generic/xkeyval\xkeyval.tex
(C:\Users\Chris\AppData\Local\Programs\MiKTeX\tex/generic/xkeyval\xkvutils.tex
\XKV@toks=\toks25
\XKV@tempa@toks=\toks26
)
\XKV@depth=\count313
File: xkeyval.tex 2014/12/03 v2.7a key=value parser (HA)
)) (C:\Users\Chris\AppData\Local\Programs\MiKTeX\tex/generic/iftex\ifxetex.sty
Package: ifxetex 2019/10/25 v0.7 ifxetex legacy package. Use iftex instead.
) (C:\Users\Chris\AppData\Local\Programs\MiKTeX\tex/generic/iftex\ifluatex.sty
Package: ifluatex 2019/10/25 v1.5 ifluatex legacy package. Use iftex instead.
)
(C:\Users\Chris\AppData\Local\Programs\MiKTeX\tex/latex/tools\multicol.sty
Package: multicol 2023/03/30 v1.9f multicolumn formatting (FMi)
\c@tracingmulticols=\count314
\mult@box=\box57
\multicol@leftmargin=\dimen187
\c@unbalance=\count315
\c@collectmore=\count316
\doublecol@number=\count317
\multicoltolerance=\count318
\multicolpretolerance=\count319
\full@width=\dimen188
\page@free=\dimen189
\premulticols=\dimen190
\postmulticols=\dimen191
\multicolsep=\skip190
\multicolbaselineskip=\skip191
\partial@page=\box58
\last@line=\box59
\mc@boxedresult=\box60
\maxbalancingoverflow=\dimen192
\mult@rightbox=\box61
\mult@grightbox=\box62
\mult@firstbox=\box63
\mult@gfirstbox=\box64
\@tempa=\box65
\@tempa=\box66
\@tempa=\box67
\@tempa=\box68
\@tempa=\box69
\@tempa=\box70
\@tempa=\box71
\@tempa=\box72
\@tempa=\box73
\@tempa=\box74
\@tempa=\box75
\@tempa=\box76
\@tempa=\box77
\@tempa=\box78
\@tempa=\box79
\@tempa=\box80
\@tempa=\box81
\@tempa=\box82
\@tempa=\box83
\@tempa=\box84
\@tempa=\box85
\@tempa=\box86
\@tempa=\box87
\@tempa=\box88
\@tempa=\box89
\@tempa=\box90
\@tempa=\box91
\@tempa=\box92
\@tempa=\box93
\@tempa=\box94
\@tempa=\box95
\@tempa=\box96
\@tempa=\box97
\@tempa=\box98
\@tempa=\box99
\@tempa=\box100
\c@minrows=\count320
\c@columnbadness=\count321
\c@finalcolumnbadness=\count322
\last@try=\dimen193
\multicolovershoot=\dimen194
\multicolundershoot=\dimen195
\mult@nat@firstbox=\box101
\colbreak@box=\box102
\mc@col@check@num=\count323
))
(C:\Users\Chris\AppData\Local\Programs\MiKTeX\tex/latex/hyperref\hyperref.sty
Package: hyperref 2023-11-26 v7.01g Hypertext links for LaTeX

(C:\Users\Chris\AppData\Local\Programs\MiKTeX\tex/generic/kvdefinekeys\kvdefine
keys.sty
Package: kvdefinekeys 2019-12-19 v1.6 Define keys (HO)
)
(C:\Users\Chris\AppData\Local\Programs\MiKTeX\tex/generic/pdfescape\pdfescape.s
ty
Package: pdfescape 2019/12/09 v1.15 Implements pdfTeX's escape features (HO)

(C:\Users\Chris\AppData\Local\Programs\MiKTeX\tex/generic/pdftexcmds\pdftexcmds
.sty
Package: pdftexcmds 2020-06-27 v0.33 Utility functions of pdfTeX for LuaTeX (HO
)
Package pdftexcmds Info: \pdf@primitive is available.
Package pdftexcmds Info: \pdf@ifprimitive is available.
Package pdftexcmds Info: \pdfdraftmode found.
))
(C:\Users\Chris\AppData\Local\Programs\MiKTeX\tex/latex/hycolor\hycolor.sty
Package: hycolor 2020-01-27 v1.10 Color options for hyperref/bookmark (HO)
)
(C:\Users\Chris\AppData\Local\Programs\MiKTeX\tex/latex/letltxmacro\letltxmacro
.sty
Package: letltxmacro 2019/12/03 v1.6 Let assignment for LaTeX macros (HO)
)
(C:\Users\Chris\AppData\Local\Programs\MiKTeX\tex/latex/auxhook\auxhook.sty
Package: auxhook 2019-12-17 v1.6 Hooks for auxiliary files (HO)
)
\@linkdim=\dimen196
\Hy@linkcounter=\count324
\Hy@pagecounter=\count325

(C:\Users\Chris\AppData\Local\Programs\MiKTeX\tex/latex/hyperref\pd1enc.def
File: pd1enc.def 2023-11-26 v7.01g Hyperref: PDFDocEncoding definition (HO)
Now handling font encoding PD1 ...
... no UTF-8 mapping file for font encoding PD1
)
(C:\Users\Chris\AppData\Local\Programs\MiKTeX\tex/generic/intcalc\intcalc.sty
Package: intcalc 2019/12/15 v1.3 Expandable calculations with integers (HO)
)
\Hy@SavedSpaceFactor=\count326

(C:\Users\Chris\AppData\Local\Programs\MiKTeX\tex/latex/hyperref\puenc.def
File: puenc.def 2023-11-26 v7.01g Hyperref: PDF Unicode definition (HO)
Now handling font encoding PU ...
... no UTF-8 mapping file for font encoding PU
)
Package hyperref Info: Hyper figures OFF on input line 4181.
Package hyperref Info: Link nesting OFF on input line 4186.
Package hyperref Info: Hyper index ON on input line 4189.
Package hyperref Info: Plain pages OFF on input line 4196.
Package hyperref Info: Backreferencing OFF on input line 4201.
Package hyperref Info: Implicit mode ON; LaTeX internals redefined.
Package hyperref Info: Bookmarks ON on input line 4448.
\c@Hy@tempcnt=\count327

(C:\Users\Chris\AppData\Local\Programs\MiKTeX\tex/latex/url\url.sty
\Urlmuskip=\muskip16
Package: url 2013/09/16  ver 3.4  Verb mode for urls, etc.
)
LaTeX Info: Redefining \url on input line 4786.
\XeTeXLinkMargin=\dimen197

(C:\Users\Chris\AppData\Local\Programs\MiKTeX\tex/generic/bitset\bitset.sty
Package: bitset 2019/12/09 v1.3 Handle bit-vector datatype (HO)

(C:\Users\Chris\AppData\Local\Programs\MiKTeX\tex/generic/bigintcalc\bigintcalc
.sty
Package: bigintcalc 2019/12/15 v1.5 Expandable calculations on big integers (HO
)
))
\Fld@menulength=\count328
\Field@Width=\dimen198
\Fld@charsize=\dimen199
Package hyperref Info: Hyper figures OFF on input line 6065.
Package hyperref Info: Link nesting OFF on input line 6070.
Package hyperref Info: Hyper index ON on input line 6073.
Package hyperref Info: backreferencing OFF on input line 6080.
Package hyperref Info: Link coloring OFF on input line 6085.
Package hyperref Info: Link coloring with OCG OFF on input line 6090.
Package hyperref Info: PDF/A mode OFF on input line 6095.

(C:\Users\Chris\AppData\Local\Programs\MiKTeX\tex/latex/base\atbegshi-ltx.sty
Package: atbegshi-ltx 2021/01/10 v1.0c Emulation of the original atbegshi
package with kernel methods
)
\Hy@abspage=\count329
\c@Item=\count330
\c@Hfootnote=\count331
)
Package hyperref Info: Driver (autodetected): hpdftex.
(C:\Users\Chris\AppData\Local\Programs\MiKTeX\tex/latex/hyperref\hpdftex.def
File: hpdftex.def 2023-11-26 v7.01g Hyperref driver for pdfTeX

(C:\Users\Chris\AppData\Local\Programs\MiKTeX\tex/latex/base\atveryend-ltx.sty
Package: atveryend-ltx 2020/08/19 v1.0a Emulation of the original atveryend pac
kage
with kernel methods
)
\Fld@listcount=\count332
\c@bookmark@seq@number=\count333

(C:\Users\Chris\AppData\Local\Programs\MiKTeX\tex/latex/rerunfilecheck\rerunfil
echeck.sty
Package: rerunfilecheck 2022-07-10 v1.10 Rerun checks for auxiliary files (HO)

(C:\Users\Chris\AppData\Local\Programs\MiKTeX\tex/generic/uniquecounter\uniquec
ounter.sty
Package: uniquecounter 2019/12/15 v1.4 Provide unlimited unique counter (HO)
)
Package uniquecounter Info: New unique counter `rerunfilecheck' on input line 2
85.
)
\Hy@SectionHShift=\skip192
)
(C:\Users\Chris\AppData\Local\Programs\MiKTeX\tex/latex/memoir\memhfixc.sty
Package: memhfixc 2023/09/10 v1.22 hyperref package fixes for memoir class
\c@memhycontfloat=\count334
\c@Hpagenote=\count335
)
(C:\Users\Chris\AppData\Local\Programs\MiKTeX\tex/latex/xcolor\xcolor.sty
Package: xcolor 2023/11/15 v3.01 LaTeX color extensions (UK)

(C:\Users\Chris\AppData\Local\Programs\MiKTeX\tex/latex/graphics-cfg\color.cfg
File: color.cfg 2016/01/02 v1.6 sample color configuration
)
Package xcolor Info: Driver file: pdftex.def on input line 274.
(C:\Users\Chris\AppData\Local\Programs\MiKTeX\tex/latex/graphics\mathcolor.ltx)
Package xcolor Info: Model `cmy' substituted by `cmy0' on input line 1350.
Package xcolor Info: Model `hsb' substituted by `rgb' on input line 1354.
Package xcolor Info: Model `RGB' extended on input line 1366.
Package xcolor Info: Model `HTML' substituted by `rgb' on input line 1368.
Package xcolor Info: Model `Hsb' substituted by `hsb' on input line 1369.
Package xcolor Info: Model `tHsb' substituted by `hsb' on input line 1370.
Package xcolor Info: Model `HSB' substituted by `hsb' on input line 1371.
Package xcolor Info: Model `Gray' substituted by `gray' on input line 1372.
Package xcolor Info: Model `wave' substituted by `hsb' on input line 1373.
) (C:\Users\Chris\AppData\Local\Programs\MiKTeX\tex/latex/colortbl\colortbl.sty
Package: colortbl 2024/07/06 v1.0i Color table columns (DPC)
\everycr=\toks27
\minrowclearance=\skip193
\rownum=\count336
) (C:\Users\Chris\AppData\Local\Programs\MiKTeX\tex/latex/multirow\multirow.sty
Package: multirow 2021/03/15 v2.8 Span multiple rows of a table
\multirow@colwidth=\skip194
\multirow@cntb=\count337
\multirow@dima=\skip195
\bigstrutjot=\dimen256
) (C:\Users\Chris\AppData\Local\Programs\MiKTeX\tex/latex/tools\hhline.sty
Package: hhline 2020/01/04 v2.04 Table rule package (DPC)
)
(C:\Users\Chris\AppData\Local\Programs\MiKTeX\tex/latex/tools\longtable.sty
Package: longtable 2023-11-01 v4.19 Multi-page Table package (DPC)
\LTleft=\skip196
\LTright=\skip197
\LTpre=\skip198
\LTpost=\skip199
\LTchunksize=\count338
\LTcapwidth=\dimen257
\LT@head=\box103
\LT@firsthead=\box104
\LT@foot=\box105
\LT@lastfoot=\box106
\LT@gbox=\box107
\LT@cols=\count339
\LT@rows=\count340
\c@LT@tables=\count341
\c@LT@chunks=\count342
\LT@p@ftn=\toks28
)
(C:\Users\Chris\AppData\Local\Programs\MiKTeX\tex/latex/makecell\makecell.sty
Package: makecell 2009/08/03 V0.1e Managing of Tab Column Heads and Cells
\rotheadsize=\dimen258
\c@nlinenum=\count343
\TeXr@lab=\toks29
)
(C:\Users\Chris\AppData\Local\Programs\MiKTeX\tex/latex/amsmath\amsmath.sty
Package: amsmath 2023/05/13 v2.17o AMS math features
\@mathmargin=\skip256

For additional information on amsmath, use the `?' option.
(C:\Users\Chris\AppData\Local\Programs\MiKTeX\tex/latex/amsmath\amstext.sty
Package: amstext 2021/08/26 v2.01 AMS text

(C:\Users\Chris\AppData\Local\Programs\MiKTeX\tex/latex/amsmath\amsgen.sty
File: amsgen.sty 1999/11/30 v2.0 generic functions
\@emptytoks=\toks30
\ex@=\dimen259
))
(C:\Users\Chris\AppData\Local\Programs\MiKTeX\tex/latex/amsmath\amsbsy.sty
Package: amsbsy 1999/11/29 v1.2d Bold Symbols
\pmbraise@=\dimen260
)
(C:\Users\Chris\AppData\Local\Programs\MiKTeX\tex/latex/amsmath\amsopn.sty
Package: amsopn 2022/04/08 v2.04 operator names
)
\inf@bad=\count344
LaTeX Info: Redefining \frac on input line 234.
\uproot@=\count345
\leftroot@=\count346
LaTeX Info: Redefining \overline on input line 399.
LaTeX Info: Redefining \colon on input line 410.
\classnum@=\count347
\DOTSCASE@=\count348
LaTeX Info: Redefining \ldots on input line 496.
LaTeX Info: Redefining \dots on input line 499.
LaTeX Info: Redefining \cdots on input line 620.
\Mathstrutbox@=\box108
\strutbox@=\box109
LaTeX Info: Redefining \big on input line 722.
LaTeX Info: Redefining \Big on input line 723.
LaTeX Info: Redefining \bigg on input line 724.
LaTeX Info: Redefining \Bigg on input line 725.
\big@size=\dimen261
LaTeX Font Info:    Redeclaring font encoding OML on input line 743.
LaTeX Font Info:    Redeclaring font encoding OMS on input line 744.
\macc@depth=\count349
LaTeX Info: Redefining \bmod on input line 905.
LaTeX Info: Redefining \pmod on input line 910.
LaTeX Info: Redefining \smash on input line 940.
LaTeX Info: Redefining \relbar on input line 970.
LaTeX Info: Redefining \Relbar on input line 971.
\c@MaxMatrixCols=\count350
\dotsspace@=\muskip17
\c@parentequation=\count351
\dspbrk@lvl=\count352
\tag@help=\toks31
\row@=\count353
\column@=\count354
\maxfields@=\count355
\andhelp@=\toks32
\eqnshift@=\dimen262
\alignsep@=\dimen263
\tagshift@=\dimen264
\tagwidth@=\dimen265
\totwidth@=\dimen266
\lineht@=\dimen267
\@envbody=\toks33
\multlinegap=\skip257
\multlinetaggap=\skip258
\mathdisplay@stack=\toks34
LaTeX Info: Redefining \[ on input line 2953.
LaTeX Info: Redefining \] on input line 2954.
)
(C:\Users\Chris\AppData\Local\Programs\MiKTeX\tex/latex/pgf/frontendlayer\tikz.
sty
(C:\Users\Chris\AppData\Local\Programs\MiKTeX\tex/latex/pgf/basiclayer\pgf.sty
(C:\Users\Chris\AppData\Local\Programs\MiKTeX\tex/latex/pgf/utilities\pgfrcs.st
y
(C:\Users\Chris\AppData\Local\Programs\MiKTeX\tex/generic/pgf/utilities\pgfutil
-common.tex
\pgfutil@everybye=\toks35
\pgfutil@tempdima=\dimen268
\pgfutil@tempdimb=\dimen269
)
(C:\Users\Chris\AppData\Local\Programs\MiKTeX\tex/generic/pgf/utilities\pgfutil
-latex.def
\pgfutil@abb=\box110
)
(C:\Users\Chris\AppData\Local\Programs\MiKTeX\tex/generic/pgf/utilities\pgfrcs.
code.tex
(C:\Users\Chris\AppData\Local\Programs\MiKTeX\tex/generic/pgf\pgf.revision.tex)
Package: pgfrcs 2023-01-15 v3.1.10 (3.1.10)
))
Package: pgf 2023-01-15 v3.1.10 (3.1.10)

(C:\Users\Chris\AppData\Local\Programs\MiKTeX\tex/latex/pgf/basiclayer\pgfcore.
sty
(C:\Users\Chris\AppData\Local\Programs\MiKTeX\tex/latex/pgf/systemlayer\pgfsys.
sty
(C:\Users\Chris\AppData\Local\Programs\MiKTeX\tex/generic/pgf/systemlayer\pgfsy
s.code.tex
Package: pgfsys 2023-01-15 v3.1.10 (3.1.10)

(C:\Users\Chris\AppData\Local\Programs\MiKTeX\tex/generic/pgf/utilities\pgfkeys
.code.tex
\pgfkeys@pathtoks=\toks36
\pgfkeys@temptoks=\toks37

(C:\Users\Chris\AppData\Local\Programs\MiKTeX\tex/generic/pgf/utilities\pgfkeys
libraryfiltered.code.tex
\pgfkeys@tmptoks=\toks38
))
\pgf@x=\dimen270
\pgf@y=\dimen271
\pgf@xa=\dimen272
\pgf@ya=\dimen273
\pgf@xb=\dimen274
\pgf@yb=\dimen275
\pgf@xc=\dimen276
\pgf@yc=\dimen277
\pgf@xd=\dimen278
\pgf@yd=\dimen279
\w@pgf@writea=\write4
\r@pgf@reada=\read3
\c@pgf@counta=\count356
\c@pgf@countb=\count357
\c@pgf@countc=\count358
\c@pgf@countd=\count359
\t@pgf@toka=\toks39
\t@pgf@tokb=\toks40
\t@pgf@tokc=\toks41
\pgf@sys@id@count=\count360

(C:\Users\Chris\AppData\Local\Programs\MiKTeX\tex/generic/pgf/systemlayer\pgf.c
fg
File: pgf.cfg 2023-01-15 v3.1.10 (3.1.10)
)
Driver file for pgf: pgfsys-pdftex.def

(C:\Users\Chris\AppData\Local\Programs\MiKTeX\tex/generic/pgf/systemlayer\pgfsy
s-pdftex.def
File: pgfsys-pdftex.def 2023-01-15 v3.1.10 (3.1.10)

(C:\Users\Chris\AppData\Local\Programs\MiKTeX\tex/generic/pgf/systemlayer\pgfsy
s-common-pdf.def
File: pgfsys-common-pdf.def 2023-01-15 v3.1.10 (3.1.10)
)))
(C:\Users\Chris\AppData\Local\Programs\MiKTeX\tex/generic/pgf/systemlayer\pgfsy
ssoftpath.code.tex
File: pgfsyssoftpath.code.tex 2023-01-15 v3.1.10 (3.1.10)
\pgfsyssoftpath@smallbuffer@items=\count361
\pgfsyssoftpath@bigbuffer@items=\count362
)
(C:\Users\Chris\AppData\Local\Programs\MiKTeX\tex/generic/pgf/systemlayer\pgfsy
sprotocol.code.tex
File: pgfsysprotocol.code.tex 2023-01-15 v3.1.10 (3.1.10)
))
(C:\Users\Chris\AppData\Local\Programs\MiKTeX\tex/generic/pgf/basiclayer\pgfcor
e.code.tex
Package: pgfcore 2023-01-15 v3.1.10 (3.1.10)

(C:\Users\Chris\AppData\Local\Programs\MiKTeX\tex/generic/pgf/math\pgfmath.code
.tex
(C:\Users\Chris\AppData\Local\Programs\MiKTeX\tex/generic/pgf/math\pgfmathutil.
code.tex)
(C:\Users\Chris\AppData\Local\Programs\MiKTeX\tex/generic/pgf/math\pgfmathparse
r.code.tex
\pgfmath@dimen=\dimen280
\pgfmath@count=\count363
\pgfmath@box=\box111
\pgfmath@toks=\toks42
\pgfmath@stack@operand=\toks43
\pgfmath@stack@operation=\toks44
)
(C:\Users\Chris\AppData\Local\Programs\MiKTeX\tex/generic/pgf/math\pgfmathfunct
ions.code.tex)
(C:\Users\Chris\AppData\Local\Programs\MiKTeX\tex/generic/pgf/math\pgfmathfunct
ions.basic.code.tex)
(C:\Users\Chris\AppData\Local\Programs\MiKTeX\tex/generic/pgf/math\pgfmathfunct
ions.trigonometric.code.tex)
(C:\Users\Chris\AppData\Local\Programs\MiKTeX\tex/generic/pgf/math\pgfmathfunct
ions.random.code.tex)
(C:\Users\Chris\AppData\Local\Programs\MiKTeX\tex/generic/pgf/math\pgfmathfunct
ions.comparison.code.tex)
(C:\Users\Chris\AppData\Local\Programs\MiKTeX\tex/generic/pgf/math\pgfmathfunct
ions.base.code.tex)
(C:\Users\Chris\AppData\Local\Programs\MiKTeX\tex/generic/pgf/math\pgfmathfunct
ions.round.code.tex)
(C:\Users\Chris\AppData\Local\Programs\MiKTeX\tex/generic/pgf/math\pgfmathfunct
ions.misc.code.tex)
(C:\Users\Chris\AppData\Local\Programs\MiKTeX\tex/generic/pgf/math\pgfmathfunct
ions.integerarithmetics.code.tex)
(C:\Users\Chris\AppData\Local\Programs\MiKTeX\tex/generic/pgf/math\pgfmathcalc.
code.tex)
(C:\Users\Chris\AppData\Local\Programs\MiKTeX\tex/generic/pgf/math\pgfmathfloat
.code.tex
\c@pgfmathroundto@lastzeros=\count364
))
(C:\Users\Chris\AppData\Local\Programs\MiKTeX\tex/generic/pgf/math\pgfint.code.
tex)
(C:\Users\Chris\AppData\Local\Programs\MiKTeX\tex/generic/pgf/basiclayer\pgfcor
epoints.code.tex
File: pgfcorepoints.code.tex 2023-01-15 v3.1.10 (3.1.10)
\pgf@picminx=\dimen281
\pgf@picmaxx=\dimen282
\pgf@picminy=\dimen283
\pgf@picmaxy=\dimen284
\pgf@pathminx=\dimen285
\pgf@pathmaxx=\dimen286
\pgf@pathminy=\dimen287
\pgf@pathmaxy=\dimen288
\pgf@xx=\dimen289
\pgf@xy=\dimen290
\pgf@yx=\dimen291
\pgf@yy=\dimen292
\pgf@zx=\dimen293
\pgf@zy=\dimen294
)
(C:\Users\Chris\AppData\Local\Programs\MiKTeX\tex/generic/pgf/basiclayer\pgfcor
epathconstruct.code.tex
File: pgfcorepathconstruct.code.tex 2023-01-15 v3.1.10 (3.1.10)
\pgf@path@lastx=\dimen295
\pgf@path@lasty=\dimen296
)
(C:\Users\Chris\AppData\Local\Programs\MiKTeX\tex/generic/pgf/basiclayer\pgfcor
epathusage.code.tex
File: pgfcorepathusage.code.tex 2023-01-15 v3.1.10 (3.1.10)
\pgf@shorten@end@additional=\dimen297
\pgf@shorten@start@additional=\dimen298
)
(C:\Users\Chris\AppData\Local\Programs\MiKTeX\tex/generic/pgf/basiclayer\pgfcor
escopes.code.tex
File: pgfcorescopes.code.tex 2023-01-15 v3.1.10 (3.1.10)
\pgfpic=\box112
\pgf@hbox=\box113
\pgf@layerbox@main=\box114
\pgf@picture@serial@count=\count365
)
(C:\Users\Chris\AppData\Local\Programs\MiKTeX\tex/generic/pgf/basiclayer\pgfcor
egraphicstate.code.tex
File: pgfcoregraphicstate.code.tex 2023-01-15 v3.1.10 (3.1.10)
\pgflinewidth=\dimen299
)
(C:\Users\Chris\AppData\Local\Programs\MiKTeX\tex/generic/pgf/basiclayer\pgfcor
etransformations.code.tex
File: pgfcoretransformations.code.tex 2023-01-15 v3.1.10 (3.1.10)
\pgf@pt@x=\dimen300
\pgf@pt@y=\dimen301
\pgf@pt@temp=\dimen302
)
(C:\Users\Chris\AppData\Local\Programs\MiKTeX\tex/generic/pgf/basiclayer\pgfcor
equick.code.tex
File: pgfcorequick.code.tex 2023-01-15 v3.1.10 (3.1.10)
)
(C:\Users\Chris\AppData\Local\Programs\MiKTeX\tex/generic/pgf/basiclayer\pgfcor
eobjects.code.tex
File: pgfcoreobjects.code.tex 2023-01-15 v3.1.10 (3.1.10)
)
(C:\Users\Chris\AppData\Local\Programs\MiKTeX\tex/generic/pgf/basiclayer\pgfcor
epathprocessing.code.tex
File: pgfcorepathprocessing.code.tex 2023-01-15 v3.1.10 (3.1.10)
)
(C:\Users\Chris\AppData\Local\Programs\MiKTeX\tex/generic/pgf/basiclayer\pgfcor
earrows.code.tex
File: pgfcorearrows.code.tex 2023-01-15 v3.1.10 (3.1.10)
\pgfarrowsep=\dimen303
)
(C:\Users\Chris\AppData\Local\Programs\MiKTeX\tex/generic/pgf/basiclayer\pgfcor
eshade.code.tex
File: pgfcoreshade.code.tex 2023-01-15 v3.1.10 (3.1.10)
\pgf@max=\dimen304
\pgf@sys@shading@range@num=\count366
\pgf@shadingcount=\count367
)
(C:\Users\Chris\AppData\Local\Programs\MiKTeX\tex/generic/pgf/basiclayer\pgfcor
eimage.code.tex
File: pgfcoreimage.code.tex 2023-01-15 v3.1.10 (3.1.10)
)
(C:\Users\Chris\AppData\Local\Programs\MiKTeX\tex/generic/pgf/basiclayer\pgfcor
eexternal.code.tex
File: pgfcoreexternal.code.tex 2023-01-15 v3.1.10 (3.1.10)
\pgfexternal@startupbox=\box115
)
(C:\Users\Chris\AppData\Local\Programs\MiKTeX\tex/generic/pgf/basiclayer\pgfcor
elayers.code.tex
File: pgfcorelayers.code.tex 2023-01-15 v3.1.10 (3.1.10)
)
(C:\Users\Chris\AppData\Local\Programs\MiKTeX\tex/generic/pgf/basiclayer\pgfcor
etransparency.code.tex
File: pgfcoretransparency.code.tex 2023-01-15 v3.1.10 (3.1.10)
)
(C:\Users\Chris\AppData\Local\Programs\MiKTeX\tex/generic/pgf/basiclayer\pgfcor
epatterns.code.tex
File: pgfcorepatterns.code.tex 2023-01-15 v3.1.10 (3.1.10)
)
(C:\Users\Chris\AppData\Local\Programs\MiKTeX\tex/generic/pgf/basiclayer\pgfcor
erdf.code.tex
File: pgfcorerdf.code.tex 2023-01-15 v3.1.10 (3.1.10)
)))
(C:\Users\Chris\AppData\Local\Programs\MiKTeX\tex/generic/pgf/modules\pgfmodule
shapes.code.tex
File: pgfmoduleshapes.code.tex 2023-01-15 v3.1.10 (3.1.10)
\pgfnodeparttextbox=\box116
)
(C:\Users\Chris\AppData\Local\Programs\MiKTeX\tex/generic/pgf/modules\pgfmodule
plot.code.tex
File: pgfmoduleplot.code.tex 2023-01-15 v3.1.10 (3.1.10)
)
(C:\Users\Chris\AppData\Local\Programs\MiKTeX\tex/latex/pgf/compatibility\pgfco
mp-version-0-65.sty
Package: pgfcomp-version-0-65 2023-01-15 v3.1.10 (3.1.10)
\pgf@nodesepstart=\dimen305
\pgf@nodesepend=\dimen306
)
(C:\Users\Chris\AppData\Local\Programs\MiKTeX\tex/latex/pgf/compatibility\pgfco
mp-version-1-18.sty
Package: pgfcomp-version-1-18 2023-01-15 v3.1.10 (3.1.10)
))
(C:\Users\Chris\AppData\Local\Programs\MiKTeX\tex/latex/pgf/utilities\pgffor.st
y
(C:\Users\Chris\AppData\Local\Programs\MiKTeX\tex/latex/pgf/utilities\pgfkeys.s
ty
(C:\Users\Chris\AppData\Local\Programs\MiKTeX\tex/generic/pgf/utilities\pgfkeys
.code.tex))
(C:\Users\Chris\AppData\Local\Programs\MiKTeX\tex/latex/pgf/math\pgfmath.sty
(C:\Users\Chris\AppData\Local\Programs\MiKTeX\tex/generic/pgf/math\pgfmath.code
.tex))
(C:\Users\Chris\AppData\Local\Programs\MiKTeX\tex/generic/pgf/utilities\pgffor.
code.tex
Package: pgffor 2023-01-15 v3.1.10 (3.1.10)
\pgffor@iter=\dimen307
\pgffor@skip=\dimen308
\pgffor@stack=\toks45
\pgffor@toks=\toks46
))
(C:\Users\Chris\AppData\Local\Programs\MiKTeX\tex/generic/pgf/frontendlayer/tik
z\tikz.code.tex
Package: tikz 2023-01-15 v3.1.10 (3.1.10)

(C:\Users\Chris\AppData\Local\Programs\MiKTeX\tex/generic/pgf/libraries\pgflibr
aryplothandlers.code.tex
File: pgflibraryplothandlers.code.tex 2023-01-15 v3.1.10 (3.1.10)
\pgf@plot@mark@count=\count368
\pgfplotmarksize=\dimen309
)
\tikz@lastx=\dimen310
\tikz@lasty=\dimen311
\tikz@lastxsaved=\dimen312
\tikz@lastysaved=\dimen313
\tikz@lastmovetox=\dimen314
\tikz@lastmovetoy=\dimen315
\tikzleveldistance=\dimen316
\tikzsiblingdistance=\dimen317
\tikz@figbox=\box117
\tikz@figbox@bg=\box118
\tikz@tempbox=\box119
\tikz@tempbox@bg=\box120
\tikztreelevel=\count369
\tikznumberofchildren=\count370
\tikznumberofcurrentchild=\count371
\tikz@fig@count=\count372

(C:\Users\Chris\AppData\Local\Programs\MiKTeX\tex/generic/pgf/modules\pgfmodule
matrix.code.tex
File: pgfmodulematrix.code.tex 2023-01-15 v3.1.10 (3.1.10)
\pgfmatrixcurrentrow=\count373
\pgfmatrixcurrentcolumn=\count374
\pgf@matrix@numberofcolumns=\count375
)
\tikz@expandcount=\count376

(C:\Users\Chris\AppData\Local\Programs\MiKTeX\tex/generic/pgf/frontendlayer/tik
z/libraries\tikzlibrarytopaths.code.tex
File: tikzlibrarytopaths.code.tex 2023-01-15 v3.1.10 (3.1.10)
)))
(C:\Users\Chris\AppData\Local\Programs\MiKTeX\tex/latex/caption\subcaption.sty
Package: subcaption 2023/07/28 v1.6b Sub-captions (AR)

(C:\Users\Chris\AppData\Local\Programs\MiKTeX\tex/latex/caption\caption.sty
Package: caption 2023/08/05 v3.6o Customizing captions (AR)

(C:\Users\Chris\AppData\Local\Programs\MiKTeX\tex/latex/caption\caption3.sty
Package: caption3 2023/07/31 v2.4d caption3 kernel (AR)
\caption@tempdima=\dimen318
\captionmargin=\dimen319
\caption@leftmargin=\dimen320
\caption@rightmargin=\dimen321
\caption@width=\dimen322
\caption@indent=\dimen323
\caption@parindent=\dimen324
\caption@hangindent=\dimen325
Package caption Info: memoir document class detected.

(C:\Users\Chris\AppData\Local\Programs\MiKTeX\tex/latex/caption\caption-memoir.
sto
File: caption-memoir.sto 2023/09/08 v2.2c Adaption of the caption package to th
e memoir document class (AR)
))
\c@caption@flags=\count377
\c@continuedfloat=\count378
Package caption Info: changepage package is loaded.
\caption@adjustwidth@hsize=\dimen326
\caption@adjustwidth@linewidth=\dimen327
Package caption Info: hyperref package is loaded.
Package caption Info: longtable package is loaded.

(C:\Users\Chris\AppData\Local\Programs\MiKTeX\tex/latex/caption\ltcaption.sty
Package: ltcaption 2021/01/08 v1.4c longtable captions (AR)
))
Package caption Info: New subtype `subfigure' on input line 238.
\c@subfigure=\count379
Package caption Info: New subtype `subtable' on input line 238.
\c@subtable=\count380
)
(C:\Users\Chris\AppData\Local\Programs\MiKTeX\tex/latex/changebar\changebar.sty
Package: changebar 2024/07/17 v3.7e Indicate changes with marginal bars
\cb@nextpoint=\count381
\cb@topleft=\count382
\cb@topright=\count383
\cb@botleft=\count384
\cb@botright=\count385
\cb@cnta=\count386
\cb@cntb=\count387
\cb@dima=\dimen328
\cb@curbarwd=\dimen329
\cb@page=\count388
\cb@pagecount=\count389
\cb@odd@left=\dimen330
\cb@odd@right=\dimen331
\cb@even@left=\dimen332
\cb@even@right=\dimen333
\cb@writexy=\write5
\cb@readxy=\read4
\openout5 = `book.cb2'.

\changebarwidth=\skip259
\deletebarwidth=\skip260
\changebarsep=\skip261
\c@changebargrey=\count390
\cb@write=\write6
\cb@read=\read5
\openout6 = `book.cb'.

)
\c@example=\count391
)
\book@idxfile=\write7
\openout7 = `book.idx'.


Writing index file book.idx
(book.aux (copyright.aux) (chapter10/chapter10.aux) (chapter10/problemSet10.aux
))
\openout1 = `book.aux'.

LaTeX Font Info:    Checking defaults for OML/cmm/m/it on input line 18.
LaTeX Font Info:    ... okay on input line 18.
LaTeX Font Info:    Checking defaults for OMS/cmsy/m/n on input line 18.
LaTeX Font Info:    ... okay on input line 18.
LaTeX Font Info:    Checking defaults for OT1/cmr/m/n on input line 18.
LaTeX Font Info:    ... okay on input line 18.
LaTeX Font Info:    Checking defaults for T1/cmr/m/n on input line 18.
LaTeX Font Info:    ... okay on input line 18.
LaTeX Font Info:    Checking defaults for TS1/cmr/m/n on input line 18.
LaTeX Font Info:    ... okay on input line 18.
LaTeX Font Info:    Checking defaults for OMX/cmex/m/n on input line 18.
LaTeX Font Info:    ... okay on input line 18.
LaTeX Font Info:    Checking defaults for U/cmr/m/n on input line 18.
LaTeX Font Info:    ... okay on input line 18.
LaTeX Font Info:    Checking defaults for PD1/pdf/m/n on input line 18.
LaTeX Font Info:    ... okay on input line 18.
LaTeX Font Info:    Checking defaults for PU/pdf/m/n on input line 18.
LaTeX Font Info:    ... okay on input line 18.

(C:\Users\Chris\AppData\Local\Programs\MiKTeX\tex/context/base/mkii\supp-pdf.mk
ii
[Loading MPS to PDF converter (version 2006.09.02).]
\scratchcounter=\count392
\scratchdimen=\dimen334
\scratchbox=\box121
\nofMPsegments=\count393
\nofMParguments=\count394
\everyMPshowfont=\toks47
\MPscratchCnt=\count395
\MPscratchDim=\dimen335
\MPnumerator=\count396
\makeMPintoPDFobject=\count397
\everyMPtoPDFconversion=\toks48
)
(C:\Users\Chris\AppData\Local\Programs\MiKTeX\tex/latex/epstopdf-pkg\epstopdf-b
ase.sty
Package: epstopdf-base 2020-01-24 v2.11 Base part for package epstopdf

(C:\Users\Chris\AppData\Local\Programs\MiKTeX\tex/latex/grfext\grfext.sty
Package: grfext 2019/12/03 v1.3 Manage graphics extensions (HO)
)
Package epstopdf-base Info: Redefining graphics rule for `.eps' on input line 4
85.
Package grfext Info: Graphics extension search list:
(grfext)             [.pdf,.png,.jpg,.mps,.jpeg,.jbig2,.jb2,.PDF,.PNG,.JPG,.JPE
G,.JBIG2,.JB2,.eps]
(grfext)             \AppendGraphicsExtensions on input line 504.

(C:\Users\Chris\AppData\Local\Programs\MiKTeX\tex/latex/00miktex\epstopdf-sys.c
fg
File: epstopdf-sys.cfg 2021/03/18 v2.0 Configuration of epstopdf for MiKTeX
))
Package hyperref Info: Link coloring OFF on input line 18.
 (book.out) (book.out)
\@outlinefile=\write8
\openout8 = `book.out'.

Package caption Info: Begin \AtBeginDocument code.
Package caption Info: End \AtBeginDocument code.
 [1


{C:/Users/Chris/AppData/Local/MiKTeX/fonts/map/pdftex/pdftex.map}]
\openout2 = `copyright.aux'.

 (copyright.tex
Underfull \hbox (badness 10000) in paragraph at lines 1--5

 []


Underfull \hbox (badness 10000) in paragraph at lines 1--5

 []


Underfull \hbox (badness 10000) in paragraph at lines 1--5

 []

<./Fig/cc-logo.pdf, id=61, 22.58438pt x 22.58438pt>
File: ./Fig/cc-logo.pdf Graphic file (type pdf)
<use ./Fig/cc-logo.pdf>
Package pdftex.def Info: ./Fig/cc-logo.pdf  used on input line 10.
(pdftex.def)             Requested size: 28.45274pt x 28.45299pt.
<./Fig/cc-by.pdf, id=62, 22.58438pt x 22.58438pt>
File: ./Fig/cc-by.pdf Graphic file (type pdf)
<use ./Fig/cc-by.pdf>
Package pdftex.def Info: ./Fig/cc-by.pdf  used on input line 11.
(pdftex.def)             Requested size: 28.45274pt x 28.45299pt.
<./Fig/cc-nc.pdf, id=63, 22.58438pt x 22.58438pt>
File: ./Fig/cc-nc.pdf Graphic file (type pdf)
<use ./Fig/cc-nc.pdf>
Package pdftex.def Info: ./Fig/cc-nc.pdf  used on input line 12.
(pdftex.def)             Requested size: 28.45274pt x 28.45299pt.
<./Fig/cc-sa.pdf, id=64, 22.58438pt x 22.58438pt>
File: ./Fig/cc-sa.pdf Graphic file (type pdf)
<use ./Fig/cc-sa.pdf>
Package pdftex.def Info: ./Fig/cc-sa.pdf  used on input line 13.
(pdftex.def)             Requested size: 28.45274pt x 28.45299pt.
) [2

 <./Fig/cc-logo.pdf> <./Fig/cc-by.pdf

pdfTeX warning: pdflatex.exe (file ./Fig/cc-by.pdf): PDF inclusion: multiple pd
fs with page group included in a single page
> <./Fig/cc-nc.pdf

pdfTeX warning: pdflatex.exe (file ./Fig/cc-nc.pdf): PDF inclusion: multiple pd
fs with page group included in a single page
> <./Fig/cc-sa.pdf

pdfTeX warning: pdflatex.exe (file ./Fig/cc-sa.pdf): PDF inclusion: multiple pd
fs with page group included in a single page
>] (book.toc) [3


] [4

] [1

]
\openout2 = `./chapter10/chapter10.aux'.

 (chapter10/chapter10.tex [2


]

LaTeX Warning: Reference `chapter:projectSelection' on page 3 undefined on inpu
t line 26.


LaTeX Warning: Reference `chapter:requirementSpec' on page 3 undefined on input
 line 26.

[3]

LaTeX Warning: Reference `chapter:funcDecomp' on page 4 undefined on input line
 121.


LaTeX Warning: Reference `section:application-thermometer-design' on page 4 und
efined on input line 122.


Overfull \hbox (0.9567pt too wide) in paragraph at lines 130--130
[]|\OT1/cmr/bx/n/10 Description| 
 []


Overfull \hbox (4.31084pt too wide) in paragraph at lines 130--130
[]|\OT1/cmr/bx/n/10 Deliverables
 []


Underfull \hbox (badness 10000) in paragraph at lines 130--130
\OT1/cmr/bx/n/10 / Check-
 []


Overfull \hbox (16.88728pt too wide) in paragraph at lines 130--130
[]|\OT1/cmr/bx/n/10 Duration
 []


Overfull \hbox (2.75677pt too wide) in paragraph at lines 130--130
\OT1/cmr/bx/n/10 (days)| 
 []


Overfull \hbox (4.96376pt too wide) in paragraph at lines 130--130
[]|\OT1/cmr/bx/n/10 People| 
 []


Overfull \hbox (35.55109pt too wide) in paragraph at lines 130--130
[]|\OT1/cmr/bx/n/10 Predecessors| 
 []


Overfull \hbox (1.71648pt too wide) in paragraph at lines 132--132
[]|\OT1/cmr/bx/n/10 Interface
 []


Underfull \hbox (badness 10000) in paragraph at lines 132--132
\OT1/cmr/bx/n/10 Cir-
 []


Underfull \hbox (badness 10000) in paragraph at lines 133--133
[]|\OT1/cmr/m/n/10 Design
 []


Underfull \hbox (badness 10000) in paragraph at lines 133--133
[]|\OT1/cmr/m/n/10 Complete
 []


Underfull \hbox (badness 3098) in paragraph at lines 133--133
\OT1/cmr/m/n/10 the de-tailed
 []


Underfull \hbox (badness 10000) in paragraph at lines 133--133
\OT1/cmr/m/n/10 de-sign and
 []


Underfull \hbox (badness 3364) in paragraph at lines 133--133
\OT1/cmr/m/n/10 ver-ify it in
 []


Underfull \hbox (badness 10000) in paragraph at lines 134--134
[]\OT1/cmr/m/n/10 Circuit
 []


Overfull \hbox (10.65015pt too wide) in paragraph at lines 134--134
\OT1/cmr/m/n/10 schematic 
 []


Underfull \hbox (badness 10000) in paragraph at lines 134--134
[]
 []


Overfull \hbox (15.03911pt too wide) in paragraph at lines 134--134
\OT1/cmr/m/n/10 Simulation
 []


Underfull \hbox (badness 10000) in paragraph at lines 134--134
\OT1/cmr/m/n/10 ver-i-fi-
 []


Underfull \hbox (badness 10000) in paragraph at lines 135--135
[]|\OT1/cmr/m/n/10 Rob
 []


Underfull \hbox (badness 10000) in paragraph at lines 135--135
\OT1/cmr/m/n/10 (1)
 []


Underfull \hbox (badness 10000) in paragraph at lines 135--135
\OT1/cmr/m/n/10 Jana
 []


Underfull \hbox (badness 10000) in paragraph at lines 136--136
[]\OT1/cmr/m/n/10 SPICE
 []


Underfull \hbox (badness 10000) in paragraph at lines 138--138
[]|\OT1/cmr/m/n/10 Purchase
 []


Underfull \hbox (badness 10000) in paragraph at lines 138--138
\OT1/cmr/m/n/10 Com-po-
 []


Underfull \hbox (badness 10000) in paragraph at lines 139--139
[]
 []


Overfull \hbox (1.9835pt too wide) in paragraph at lines 139--139
\OT1/cmr/m/n/10 Identify
 []


Underfull \hbox (badness 10000) in paragraph at lines 139--139
[]\OT1/cmr/m/n/10 Place
 []


Underfull \hbox (badness 10000) in paragraph at lines 139--139
[]
 []


Overfull \hbox (1.01122pt too wide) in paragraph at lines 139--139
\OT1/cmr/m/n/10 Receive
 []


Overfull \hbox (7.48172pt too wide) in paragraph at lines 142--142
[]|\OT1/cmr/bx/n/10 Construct
 []


Underfull \hbox (badness 10000) in paragraph at lines 142--142
\OT1/cmr/bx/n/10 & Test
 []


Underfull \hbox (badness 10000) in paragraph at lines 142--142
[]|\OT1/cmr/m/n/10 Build and
 []


Underfull \hbox (badness 10000) in paragraph at lines 144--144
[]|\OT1/cmr/m/n/10 Current
 []


Underfull \hbox (badness 10000) in paragraph at lines 144--144
\OT1/cmr/m/n/10 Driver
 []


Underfull \hbox (badness 1990) in paragraph at lines 144--144
[]|\OT1/cmr/m/n/10 Test of cir-
 []


Underfull \hbox (badness 10000) in paragraph at lines 144--144
\OT1/cmr/m/n/10 cuit with
 []


Underfull \hbox (badness 10000) in paragraph at lines 144--144
\OT1/cmr/m/n/10 sens-ing
 []


Underfull \hbox (badness 10000) in paragraph at lines 145--145
[]\OT1/cmr/m/n/10 Test
 []


Underfull \hbox (badness 10000) in paragraph at lines 145--145
[]
 []


Overfull \hbox (26.51129pt too wide) in paragraph at lines 145--145
\OT1/cmr/m/n/10 Measurement
 []


Underfull \hbox (badness 4832) in paragraph at lines 145--145
\OT1/cmr/m/n/10 of lin-
 []


Underfull \hbox (badness 10000) in paragraph at lines 146--146
[]|\OT1/cmr/m/n/10 Jana
 []


Underfull \hbox (badness 10000) in paragraph at lines 146--146
\OT1/cmr/m/n/10 (1)
 []


Underfull \hbox (badness 10000) in paragraph at lines 146--146
\OT1/cmr/m/n/10 Rob
 []


Underfull \hbox (badness 10000) in paragraph at lines 147--147
[]\OT1/cmr/m/n/10 Test
 []


Underfull \hbox (badness 10000) in paragraph at lines 147--147
[]
 []


Overfull \hbox (13.36826pt too wide) in paragraph at lines 147--147
\OT1/cmr/m/n/10 Thermometer 
 []


Underfull \hbox (badness 10000) in paragraph at lines 149--149
[]|\OT1/cmr/m/n/10 Level
 []


Underfull \hbox (badness 10000) in paragraph at lines 149--149
\OT1/cmr/m/n/10 Off-set
 []


Underfull \hbox (badness 10000) in paragraph at lines 149--149
\OT1/cmr/m/n/10 & Gain
 []


Underfull \hbox (badness 1990) in paragraph at lines 149--149
[]|\OT1/cmr/m/n/10 Test of cir-
 []


Underfull \hbox (badness 10000) in paragraph at lines 149--149
\OT1/cmr/m/n/10 cuit with
 []


Underfull \hbox (badness 10000) in paragraph at lines 149--149
\OT1/cmr/m/n/10 volt-age
 []


Underfull \hbox (badness 10000) in paragraph at lines 150--150
[]\OT1/cmr/m/n/10 Test
 []


Underfull \hbox (badness 10000) in paragraph at lines 150--150
[]
 []


Overfull \hbox (26.51129pt too wide) in paragraph at lines 150--150
\OT1/cmr/m/n/10 Measurement
 []


Underfull \hbox (badness 4832) in paragraph at lines 150--150
\OT1/cmr/m/n/10 of lin-
 []


Underfull \hbox (badness 10000) in paragraph at lines 151--151
[]|\OT1/cmr/m/n/10 Rob
 []


Underfull \hbox (badness 10000) in paragraph at lines 151--151
\OT1/cmr/m/n/10 (1)
 []


Underfull \hbox (badness 10000) in paragraph at lines 151--151
\OT1/cmr/m/n/10 Jana
 []


Underfull \hbox (badness 10000) in paragraph at lines 152--152
[]\OT1/cmr/m/n/10 Test
 []


Underfull \hbox (badness 10000) in paragraph at lines 154--154
[]|\OT1/cmr/m/n/10 Integrate
 []


Underfull \hbox (badness 10000) in paragraph at lines 154--154
\OT1/cmr/m/n/10 Com-po-
 []


Underfull \hbox (badness 10000) in paragraph at lines 154--154
[]|\OT1/cmr/m/n/10 Integrate
 []


Underfull \hbox (badness 10000) in paragraph at lines 154--154
\OT1/cmr/m/n/10 the cur-
 []


Underfull \hbox (badness 10000) in paragraph at lines 154--154
\OT1/cmr/m/n/10 rent driver
 []


Underfull \hbox (badness 10000) in paragraph at lines 154--154
\OT1/cmr/m/n/10 and off-set
 []


Underfull \hbox (badness 10000) in paragraph at lines 155--155
[]\OT1/cmr/m/n/10 Test
 []


Underfull \hbox (badness 10000) in paragraph at lines 155--155
[]
 []


Overfull \hbox (5.90019pt too wide) in paragraph at lines 155--155
\OT1/cmr/m/n/10 verifying
 []


Underfull \hbox (badness 10000) in paragraph at lines 155--155
\OT1/cmr/m/n/10 func-
 []


Underfull \hbox (badness 10000) in paragraph at lines 155--155
\OT1/cmr/m/n/10 tion-al-
 []


Underfull \hbox (badness 10000) in paragraph at lines 155--155
\OT1/cmr/m/n/10 lin-
 []


Underfull \hbox (badness 10000) in paragraph at lines 155--155
\OT1/cmr/m/n/10 ear-ity
 []


Underfull \hbox (badness 10000) in paragraph at lines 155--155
\OT1/cmr/m/n/10 re-
 []


Underfull \hbox (badness 10000) in paragraph at lines 155--155
\OT1/cmr/m/n/10 quire-
 []


Underfull \hbox (badness 10000) in paragraph at lines 156--156
[]|\OT1/cmr/m/n/10 Rob
 []


Underfull \hbox (badness 10000) in paragraph at lines 156--156
\OT1/cmr/m/n/10 (1)
 []


Underfull \hbox (badness 10000) in paragraph at lines 156--156
\OT1/cmr/m/n/10 Jana
 []


Underfull \hbox (badness 10000) in paragraph at lines 157--157
[]\OT1/cmr/m/n/10 Test
 []


Underfull \hbox (badness 10000) in paragraph at lines 157--157
[]
 []


Overfull \hbox (13.36826pt too wide) in paragraph at lines 157--157
\OT1/cmr/m/n/10 Thermometer 
 []


Underfull \hbox (badness 10000) in paragraph at lines 157--157
[]|\OT1/cmr/m/n/10 1.3.1
 []


Underfull \hbox (badness 4108) in paragraph at lines 159--159
[]|\OT1/cmr/bx/n/10 LED &
 []


Underfull \hbox (badness 10000) in paragraph at lines 159--159
\OT1/cmr/bx/n/10 Driver
 []


Underfull \hbox (badness 10000) in paragraph at lines 159--159
\OT1/cmr/bx/n/10 Cir-
 []


Underfull \hbox (badness 10000) in paragraph at lines 161--161
[]|\OT1/cmr/m/n/10 Research
 []


Underfull \hbox (badness 10000) in paragraph at lines 161--161
\OT1/cmr/m/n/10 A/D
 []


Underfull \hbox (badness 10000) in paragraph at lines 161--161
\OT1/cmr/m/n/10 Con-vert-
 []


Underfull \hbox (badness 6125) in paragraph at lines 161--161
[]|\OT1/cmr/m/n/10 Make se-lec-
 []


Underfull \hbox (badness 10000) in paragraph at lines 162--162
[]
 []


Overfull \hbox (1.9835pt too wide) in paragraph at lines 162--162
\OT1/cmr/m/n/10 Identify
 []


Underfull \hbox (badness 10000) in paragraph at lines 162--162
\OT1/cmr/m/n/10 types,
 []


Underfull \hbox (badness 10000) in paragraph at lines 162--162
\OT1/cmr/m/n/10 cost,
 []


Underfull \hbox (badness 10000) in paragraph at lines 162--162
\OT1/cmr/m/n/10 and
 []


Underfull \hbox (badness 10000) in paragraph at lines 162--162
\OT1/cmr/m/n/10 per-for-
 []


Underfull \hbox (badness 10000) in paragraph at lines 162--162
[]
 []


Overfull \hbox (1.9835pt too wide) in paragraph at lines 162--162
\OT1/cmr/m/n/10 Identify
 []


Underfull \hbox (badness 10000) in paragraph at lines 162--162
\OT1/cmr/m/n/10 two
 []


Underfull \hbox (badness 10000) in paragraph at lines 162--162
\OT1/cmr/m/n/10 po-ten-
 []


Underfull \hbox (badness 10000) in paragraph at lines 162--162
\OT1/cmr/m/n/10 tial
 []


Underfull \hbox (badness 10000) in paragraph at lines 162--162
\OT1/cmr/m/n/10 con-
 []


Underfull \hbox (badness 10000) in paragraph at lines 162--162
\OT1/cmr/m/n/10 vert-ers
 []


Underfull \hbox (badness 10000) in paragraph at lines 162--162
\OT1/cmr/m/n/10 for
 []


Underfull \hbox (badness 10000) in paragraph at lines 162--162
\OT1/cmr/m/n/10 pur-
 []


Underfull \hbox (badness 10000) in paragraph at lines 165--165
[]|\OT1/cmr/m/n/10 Complete
 []


Underfull \hbox (badness 10000) in paragraph at lines 165--165
\OT1/cmr/m/n/10 Hard-ware
 []


Underfull \hbox (badness 4378) in paragraph at lines 165--165
[]|\OT1/cmr/m/n/10 Design con-
 []


Underfull \hbox (badness 10000) in paragraph at lines 166--166
[]\OT1/cmr/m/n/10 Circuit
 []


Overfull \hbox (10.65015pt too wide) in paragraph at lines 166--166
\OT1/cmr/m/n/10 schematic 
 []


Underfull \hbox (badness 10000) in paragraph at lines 166--166
[]
 []


Overfull \hbox (15.03911pt too wide) in paragraph at lines 166--166
\OT1/cmr/m/n/10 Simulation
 []


Underfull \hbox (badness 10000) in paragraph at lines 166--166
\OT1/cmr/m/n/10 ver-i-fi-
 []


Underfull \hbox (badness 10000) in paragraph at lines 167--167
[]|\OT1/cmr/m/n/10 Ryan
 []


Underfull \hbox (badness 10000) in paragraph at lines 167--167
\OT1/cmr/m/n/10 (1)
 []


Underfull \hbox (badness 10000) in paragraph at lines 167--167
\OT1/cmr/m/n/10 Alex
 []


Underfull \hbox (badness 10000) in paragraph at lines 168--168
[]\OT1/cmr/m/n/10 Digital
 []


Underfull \hbox (badness 10000) in paragraph at lines 168--168
\OT1/cmr/m/n/10 cir-cuit
 []


Underfull \hbox (badness 10000) in paragraph at lines 170--170
[]|\OT1/cmr/m/n/10 Purchase
 []


Underfull \hbox (badness 10000) in paragraph at lines 170--170
\OT1/cmr/m/n/10 LED &
 []


Underfull \hbox (badness 10000) in paragraph at lines 170--170
\OT1/cmr/m/n/10 Driver
 []


Underfull \hbox (badness 10000) in paragraph at lines 170--170
\OT1/cmr/m/n/10 Com-po-
 []


Underfull \hbox (badness 10000) in paragraph at lines 171--171
[]
 []


Overfull \hbox (1.9835pt too wide) in paragraph at lines 171--171
\OT1/cmr/m/n/10 Identify
 []


Underfull \hbox (badness 10000) in paragraph at lines 171--171
[]\OT1/cmr/m/n/10 Place
 []


Underfull \hbox (badness 10000) in paragraph at lines 171--171
[]
 []


Overfull \hbox (1.01122pt too wide) in paragraph at lines 171--171
\OT1/cmr/m/n/10 Receive
 []


Overfull \hbox (0.73763pt too wide) in paragraph at lines 174--174
[]|\OT1/cmr/m/n/10 Construct
 []


Underfull \hbox (badness 10000) in paragraph at lines 174--174
[]|\OT1/cmr/m/n/10 Test with
 []


Underfull \hbox (badness 2547) in paragraph at lines 174--174
\OT1/cmr/m/n/10 sup-ply volt-
 []


Underfull \hbox (badness 10000) in paragraph at lines 175--175
[]\OT1/cmr/m/n/10 Test
 []


Underfull \hbox (badness 10000) in paragraph at lines 175--175
\OT1/cmr/m/n/10 data
 []


Underfull \hbox (badness 10000) in paragraph at lines 175--175
\OT1/cmr/m/n/10 show-
 []


Underfull \hbox (badness 10000) in paragraph at lines 175--175
\OT1/cmr/m/n/10 ing
 []


Underfull \hbox (badness 10000) in paragraph at lines 175--175
\OT1/cmr/m/n/10 dig-i-tal
 []


Underfull \hbox (badness 10000) in paragraph at lines 175--175
\OT1/cmr/m/n/10 out-put
 []


Underfull \hbox (badness 10000) in paragraph at lines 175--175
\OT1/cmr/m/n/10 vs.
 []


Underfull \hbox (badness 10000) in paragraph at lines 175--175
\OT1/cmr/m/n/10 volt-age
 []


Underfull \hbox (badness 10000) in paragraph at lines 176--176
[]|\OT1/cmr/m/n/10 Alex
 []


Underfull \hbox (badness 10000) in paragraph at lines 176--176
\OT1/cmr/m/n/10 (1)
 []


Underfull \hbox (badness 10000) in paragraph at lines 176--176
\OT1/cmr/m/n/10 Ryan
 []


Underfull \hbox (badness 10000) in paragraph at lines 176--176
[]\OT1/cmr/m/n/10 Test
 []


Underfull \hbox (badness 10000) in paragraph at lines 179--179
[]|\OT1/cmr/m/n/10 System
 []


Underfull \hbox (badness 10000) in paragraph at lines 179--179
\OT1/cmr/m/n/10 In-te-gra-
 []


Underfull \hbox (badness 10000) in paragraph at lines 179--179
\OT1/cmr/m/n/10 tion &
 []


Underfull \hbox (badness 10000) in paragraph at lines 179--179
[]|\OT1/cmr/m/n/10 Complete
 []


Underfull \hbox (badness 10000) in paragraph at lines 179--179
\OT1/cmr/m/n/10 in-te-gra-tion
 []


Underfull \hbox (badness 10000) in paragraph at lines 179--179
\OT1/cmr/m/n/10 of front-
 []


Underfull \hbox (badness 10000) in paragraph at lines 179--179
\OT1/cmr/m/n/10 end and
 []


Underfull \hbox (badness 10000) in paragraph at lines 179--179
\OT1/cmr/m/n/10 LED driver
 []


Underfull \hbox (badness 10000) in paragraph at lines 180--181
[]\OT1/cmr/m/n/10 Test
 []


Underfull \hbox (badness 10000) in paragraph at lines 180--181
\OT1/cmr/m/n/10 data
 []


Underfull \hbox (badness 10000) in paragraph at lines 180--181
\OT1/cmr/m/n/10 strat-
 []


Underfull \hbox (badness 10000) in paragraph at lines 180--181
\OT1/cmr/m/n/10 ing
 []


Underfull \hbox (badness 10000) in paragraph at lines 180--181
\OT1/cmr/m/n/10 func-
 []


Underfull \hbox (badness 10000) in paragraph at lines 180--181
\OT1/cmr/m/n/10 tion-
 []


Underfull \hbox (badness 10000) in paragraph at lines 180--181
\OT1/cmr/m/n/10 al-ity
 []


Underfull \hbox (badness 10000) in paragraph at lines 180--181
\OT1/cmr/m/n/10 from
 []


Underfull \hbox (badness 10000) in paragraph at lines 180--181
\OT1/cmr/m/n/10 temp
 []


Underfull \hbox (badness 10000) in paragraph at lines 180--181
\OT1/cmr/m/n/10 in-put
 []


Underfull \hbox (badness 10000) in paragraph at lines 180--181
\OT1/cmr/m/n/10 to
 []


Underfull \hbox (badness 10000) in paragraph at lines 180--181
\OT1/cmr/m/n/10 LED
 []


Underfull \hbox (badness 10000) in paragraph at lines 181--181
[]\OT1/cmr/m/n/10 System
 []


Underfull \hbox (badness 10000) in paragraph at lines 181--181
\OT1/cmr/m/n/10 lin-
 []


Underfull \hbox (badness 10000) in paragraph at lines 181--181
\OT1/cmr/m/n/10 ear-ity
 []


Underfull \hbox (badness 10000) in paragraph at lines 181--181
\OT1/cmr/m/n/10 mea-
 []


Underfull \hbox (badness 10000) in paragraph at lines 181--181
\OT1/cmr/m/n/10 sure-
 []


Underfull \hbox (badness 10000) in paragraph at lines 182--182
[]|\OT1/cmr/m/n/10 Alex
 []


Underfull \hbox (badness 10000) in paragraph at lines 182--182
\OT1/cmr/m/n/10 (1)
 []


Underfull \hbox (badness 10000) in paragraph at lines 182--182
\OT1/cmr/m/n/10 Rob
 []


Underfull \hbox (badness 10000) in paragraph at lines 182--182
\OT1/cmr/m/n/10 (1)
 []


Underfull \hbox (badness 10000) in paragraph at lines 182--182
\OT1/cmr/m/n/10 Jana
 []


Underfull \hbox (badness 10000) in paragraph at lines 182--182
\OT1/cmr/m/n/10 (1)
 []


Underfull \hbox (badness 10000) in paragraph at lines 182--182
\OT1/cmr/m/n/10 Ryan
 []


Underfull \hbox (badness 10000) in paragraph at lines 183--183
[]\OT1/cmr/m/n/10 Test
 []


Underfull \hbox (badness 10000) in paragraph at lines 183--183
[]\OT1/cmr/m/n/10 Digital
 []


Underfull \hbox (badness 10000) in paragraph at lines 183--183
\OT1/cmr/m/n/10 logic
 []


Underfull \hbox (badness 10000) in paragraph at lines 183--183
[]
 []


Overfull \hbox (13.36826pt too wide) in paragraph at lines 183--183
\OT1/cmr/m/n/10 Thermometer 
 []


Underfull \hbox (badness 10000) in paragraph at lines 184--184
[]|\OT1/cmr/m/n/10 1.3.3
 []


Underfull \hbox (badness 1389) in paragraph at lines 184--184
\OT1/cmr/m/n/10 1 and
 []


Overfull \hbox (31.5029pt too wide) in paragraph at lines 128--186
[][] 
 []


LaTeX Warning: Float too large for page by 1066.34476pt on input line 186.

[4] [5] [6]
<./chapter10/Fig/./image5.pdf, id=137, 119.95682pt x 92.8698pt>
File: ./chapter10/Fig/./image5.pdf Graphic file (type pdf)
<use ./chapter10/Fig/./image5.pdf>
Package pdftex.def Info: ./chapter10/Fig/./image5.pdf  used on input line 277.
(pdftex.def)             Requested size: 93.95213pt x 72.27092pt.
<./chapter10/Fig/./image6.pdf, id=138, 110.9373pt x 92.8698pt>
File: ./chapter10/Fig/./image6.pdf Graphic file (type pdf)
<use ./chapter10/Fig/./image6.pdf>
Package pdftex.def Info: ./chapter10/Fig/./image6.pdf  used on input line 278.
(pdftex.def)             Requested size: 86.72879pt x 72.27092pt.
<./chapter10/Fig/./image7.pdf, id=139, 110.9373pt x 38.6673pt>
File: ./chapter10/Fig/./image7.pdf Graphic file (type pdf)
<use ./chapter10/Fig/./image7.pdf>
Package pdftex.def Info: ./chapter10/Fig/./image7.pdf  used on input line 279.
(pdftex.def)             Requested size: 86.72879pt x 29.6317pt.

Overfull \hbox (53.2613pt too wide) in paragraph at lines 276--282
[][] 
 []

<./chapter10/Fig/./image12.pdf, id=141, 327.74728pt x 92.8698pt>
File: ./chapter10/Fig/./image12.pdf Graphic file (type pdf)
<use ./chapter10/Fig/./image12.pdf>
Package pdftex.def Info: ./chapter10/Fig/./image12.pdf  used on input line 306.

(pdftex.def)             Requested size: 245.72484pt x 69.38008pt.
[7 <./chapter10/Fig/./image5.pdf> <./chapter10/Fig/./image6.pdf

pdfTeX warning: pdflatex.exe (file ./chapter10/Fig/./image6.pdf): PDF inclusion
: multiple pdfs with page group included in a single page
> <./chapter10/Fig/./image7.pdf

pdfTeX warning: pdflatex.exe (file ./chapter10/Fig/./image7.pdf): PDF inclusion
: multiple pdfs with page group included in a single page
> <./chapter10/Fig/./image12.pdf

pdfTeX warning: pdflatex.exe (file ./chapter10/Fig/./image12.pdf): PDF inclusio
n: multiple pdfs with page group included in a single page
>]
Underfull \hbox (badness 10000) in paragraph at lines 389--394

 []

<./chapter10/Fig/./image22.pdf, id=184, 400.01729pt x 165.1398pt>
File: ./chapter10/Fig/./image22.pdf Graphic file (type pdf)
<use ./chapter10/Fig/./image22.pdf>
Package pdftex.def Info: ./chapter10/Fig/./image22.pdf  used on input line 399.

(pdftex.def)             Requested size: 303.54019pt x 125.75449pt.

Underfull \hbox (badness 10000) in paragraph at lines 399--400

 []

[8]
Overfull \hbox (79.6265pt too wide) in paragraph at lines 401--406
[]\OT1/cmr/m/n/10 (b) The three paths from start to end are: $\OML/cmm/m/it/10 
P[] \OT1/cmr/m/n/10 = \OMS/cmsy/m/n/10 f\OT1/cmr/m/n/10 1\OML/cmm/m/it/10 :\OT1
/cmr/m/n/10 1\OML/cmm/m/it/10 ; \OT1/cmr/m/n/10 1\OML/cmm/m/it/10 :\OT1/cmr/m/n
/10 2\OML/cmm/m/it/10 ; \OT1/cmr/m/n/10 1\OML/cmm/m/it/10 :\OT1/cmr/m/n/10 3\OM
L/cmm/m/it/10 :\OT1/cmr/m/n/10 1\OML/cmm/m/it/10 ; \OT1/cmr/m/n/10 1\OML/cmm/m/
it/10 :\OT1/cmr/m/n/10 3\OML/cmm/m/it/10 :\OT1/cmr/m/n/10 3\OML/cmm/m/it/10 ; \
OT1/cmr/m/n/10 3\OMS/cmsy/m/n/10 g\OML/cmm/m/it/10 ; P[] \OT1/cmr/m/n/10 = \OMS
/cmsy/m/n/10 f\OT1/cmr/m/n/10 1\OML/cmm/m/it/10 :\OT1/cmr/m/n/10 1\OML/cmm/m/it
/10 ; \OT1/cmr/m/n/10 1\OML/cmm/m/it/10 :\OT1/cmr/m/n/10 2\OML/cmm/m/it/10 ; \O
T1/cmr/m/n/10 1\OML/cmm/m/it/10 :\OT1/cmr/m/n/10 3\OML/cmm/m/it/10 :\OT1/cmr/m/
n/10 2\OML/cmm/m/it/10 ; \OT1/cmr/m/n/10 1\OML/cmm/m/it/10 :\OT1/cmr/m/n/10 3\O
ML/cmm/m/it/10 :\OT1/cmr/m/n/10 3\OML/cmm/m/it/10 ; \OT1/cmr/m/n/10 3\OMS/cmsy/
m/n/10 g\OML/cmm/m/it/10 ; andP[] \OT1/cmr/m/n/10 =
 []


Underfull \hbox (badness 10000) in paragraph at lines 407--408

 []

<./chapter10/Fig/./image28.pdf, id=196, 409.91887pt x 282.70657pt>
File: ./chapter10/Fig/./image28.pdf Graphic file (type pdf)
<use ./chapter10/Fig/./image28.pdf>
Package pdftex.def Info: ./chapter10/Fig/./image28.pdf  used on input line 442.

(pdftex.def)             Requested size: 397.49573pt x 274.64346pt.

LaTeX Warning: `h' float specifier changed to `ht'.

[9 <./chapter10/Fig/./image22.pdf>] [10 <./chapter10/Fig/./image28.pdf>]
<./chapter10/Fig/./image32.pdf, id=247, 483.6684pt x 339.24223pt>
File: ./chapter10/Fig/./image32.pdf Graphic file (type pdf)
<use ./chapter10/Fig/./image32.pdf>
Package pdftex.def Info: ./chapter10/Fig/./image32.pdf  used on input line 515.

(pdftex.def)             Requested size: 346.89778pt x 242.8307pt.

Underfull \hbox (badness 10000) in paragraph at lines 526--534

 []

[11 <./chapter10/Fig/./image32.pdf>]
Underfull \hbox (badness 10000) in paragraph at lines 558--559

 []

[12]
Underfull \hbox (badness 10000) in paragraph at lines 646--653

 []

[13]
Underfull \hbox (badness 10000) in paragraph at lines 662--665

 []

[14] [15]) [16]
\openout2 = `./chapter10/problemSet10.aux'.

 (chapter10/problemSet10.tex
Overfull \hbox (3.1348pt too wide) in paragraph at lines 18--18
[]|\OT1/cmr/m/n/10 A,B| 
 []


Overfull \hbox (3.27368pt too wide) in paragraph at lines 18--18
[]|\OT1/cmr/m/n/10 D,B| 
 []


Overfull \hbox (1.8848pt too wide) in paragraph at lines 18--18
[]|\OT1/cmr/m/n/10 F,E| 
 []


Overfull \hbox (2.85701pt too wide) in paragraph at lines 42--42
[]|\OT1/cmr/m/n/10 B,C| 
 []


Overfull \hbox (2.71812pt too wide) in paragraph at lines 42--42
[]|\OT1/cmr/m/n/10 F,D| 
 []

[17



]) [18]
runsystem(makeindex book.idx)...executed safely (allowed).

 (book.ind)

Package Changebar Warning: Changebar info has changed.
(Changebar)                Rerun to get the bars right on input line 93.

\tf@toc=\write9
\openout9 = `book.toc'.

(book.aux (copyright.aux) (chapter10/chapter10.aux) (chapter10/problemSet10.aux
))
 ***********
LaTeX2e <2023-11-01>
L3 programming layer <2020/03/25>
 ***********


LaTeX Warning: There were undefined references.

Package rerunfilecheck Info: File `book.out' has not changed.
(rerunfilecheck)             Checksum: E8484074FB4A3F217E9E16732A4CAFB8;1877.
 ) 
Here is how much of TeX's memory you used:
 26185 strings out of 474494
 481753 string characters out of 5743913
 1972460 words of memory out of 5000000
 47949 multiletter control sequences out of 15000+600000
 566359 words of font info for 64 fonts, out of 8000000 for 9000
 1141 hyphenation exceptions out of 8191
 91i,15n,136p,503b,569s stack positions out of 10000i,1000n,20000p,200000b,200000s
 <C:\Users\Chris\AppData\Local\MiKTeX\fonts/pk/ljfour/jknappen/ec/dpi600\tcrm
1000.pk><C:/Users/Chris/AppData/Local/Programs/MiKTeX/fonts/type1/public/amsfon
ts/cm/cmbx10.pfb><C:/Users/Chris/AppData/Local/Programs/MiKTeX/fonts/type1/publ
ic/amsfonts/cm/cmbx12.pfb><C:/Users/Chris/AppData/Local/Programs/MiKTeX/fonts/t
ype1/public/amsfonts/cm/cmbxti10.pfb><C:/Users/Chris/AppData/Local/Programs/MiK
TeX/fonts/type1/public/amsfonts/cm/cmmi10.pfb><C:/Users/Chris/AppData/Local/Pro
grams/MiKTeX/fonts/type1/public/amsfonts/cm/cmmi7.pfb><C:/Users/Chris/AppData/L
ocal/Programs/MiKTeX/fonts/type1/public/amsfonts/cm/cmr10.pfb><C:/Users/Chris/A
ppData/Local/Programs/MiKTeX/fonts/type1/public/amsfonts/cm/cmr12.pfb><C:/Users
/Chris/AppData/Local/Programs/MiKTeX/fonts/type1/public/amsfonts/cm/cmr17.pfb><
C:/Users/Chris/AppData/Local/Programs/MiKTeX/fonts/type1/public/amsfonts/cm/cmr
7.pfb><C:/Users/Chris/AppData/Local/Programs/MiKTeX/fonts/type1/public/amsfonts
/cm/cmsl10.pfb><C:/Users/Chris/AppData/Local/Programs/MiKTeX/fonts/type1/public
/amsfonts/cm/cmsy10.pfb><C:/Users/Chris/AppData/Local/Programs/MiKTeX/fonts/typ
e1/public/amsfonts/cm/cmsy7.pfb><C:/Users/Chris/AppData/Local/Programs/MiKTeX/f
onts/type1/public/amsfonts/cm/cmti10.pfb>
Output written on book.pdf (22 pages, 448306 bytes).
PDF statistics:
 422 PDF objects out of 1000 (max. 8388607)
 77 named destinations out of 1000 (max. 500000)
 164 words of extra memory for PDF output out of 10000 (max. 10000000)

